<?xml version='1.0' encoding='UTF-8'?>
<testsuite hostname="MacBook-Pro-de-Mohamed.local" name="collection.CollectionTestSpec" tests="2" errors="0" failures="0" skipped="0" time="0.066" timestamp="2021-12-09T00:21:15">
          <properties>
[...]
</properties>
          <testcase classname="collection.CollectionTestSpec" name="The Collection test should compute some value for first method" time="0.065">
                      
                    </testcase><testcase classname="collection.CollectionTestSpec" name="The Collection test should compute some value for second method" time="0.001">
                      
                    </testcase>
          <system-out><![CDATA[]]></system-out>
          <system-err><![CDATA[]]></system-err>
        </testsuite>